<?xml version="1.0" encoding="UTF-8"?>
<!-- Generated by org.testng.reporters.JUnitReportReporter -->
<testsuite hostname="DESKTOP-V1QC6GG" failures="0" tests="1" name="com.Vtiger.runner.TestRunner" time="0.210" errors="1" timestamp="11 Mar 2021 09:43:04 GMT" skipped="0">
  <testcase classname="com.Vtiger.runner.TestRunner" name="setUpClass" time="0.210">
    <error message="cucumber.runtime.CucumberException: java.io.IOException: Failed to create directory E:\VtigerCucumberV2\project\target\cucumber-html-report,com.aventstack.extentreports.cucumber.adaptor.ExtentCucumberAdaptor:" type="cucumber.runtime.CucumberException">
      <![CDATA[cucumber.runtime.CucumberException: cucumber.runtime.CucumberException: java.io.IOException: Failed to create directory E:\VtigerCucumberV2\project\target\cucumber-html-report,com.aventstack.extentreports.cucumber.adaptor.ExtentCucumberAdaptor:
at cucumber.runtime.formatter.PluginFactory.newInstance(PluginFactory.java:110)
at cucumber.runtime.formatter.PluginFactory.instantiate(PluginFactory.java:91)
at cucumber.runtime.formatter.PluginFactory.create(PluginFactory.java:76)
at cucumber.runtime.formatter.Plugins.createPlugins(Plugins.java:63)
at cucumber.runtime.formatter.Plugins.<init>(Plugins.java:35)
at io.cucumber.testng.TestNGCucumberRunner.<init>(TestNGCucumberRunner.java:68)
at io.cucumber.testng.AbstractTestNGCucumberTests.setUpClass(AbstractTestNGCucumberTests.java:18)
at java.base/jdk.internal.reflect.NativeMethodAccessorImpl.invoke0(Native Method)
at java.base/jdk.internal.reflect.NativeMethodAccessorImpl.invoke(NativeMethodAccessorImpl.java:62)
at java.base/jdk.internal.reflect.DelegatingMethodAccessorImpl.invoke(DelegatingMethodAccessorImpl.java:43)
at java.base/java.lang.reflect.Method.invoke(Method.java:566)
at org.testng.internal.MethodInvocationHelper.invokeMethod(MethodInvocationHelper.java:124)
at org.testng.internal.MethodInvocationHelper.invokeMethodConsideringTimeout(MethodInvocationHelper.java:59)
at org.testng.internal.Invoker.invokeConfigurationMethod(Invoker.java:458)
at org.testng.internal.Invoker.invokeConfigurations(Invoker.java:222)
at org.testng.internal.Invoker.invokeConfigurations(Invoker.java:142)
at org.testng.internal.TestMethodWorker.invokeBeforeClassMethods(TestMethodWorker.java:168)
at org.testng.internal.TestMethodWorker.run(TestMethodWorker.java:105)
at org.testng.TestRunner.privateRun(TestRunner.java:648)
at org.testng.TestRunner.run(TestRunner.java:505)
at org.testng.SuiteRunner.runTest(SuiteRunner.java:455)
at org.testng.SuiteRunner.runSequentially(SuiteRunner.java:450)
at org.testng.SuiteRunner.privateRun(SuiteRunner.java:415)
at org.testng.SuiteRunner.run(SuiteRunner.java:364)
at org.testng.SuiteRunnerWorker.runSuite(SuiteRunnerWorker.java:52)
at org.testng.SuiteRunnerWorker.run(SuiteRunnerWorker.java:84)
at org.testng.TestNG.runSuitesSequentially(TestNG.java:1208)
at org.testng.TestNG.runSuitesLocally(TestNG.java:1137)
at org.testng.TestNG.runSuites(TestNG.java:1049)
at org.testng.TestNG.run(TestNG.java:1017)
at org.testng.remote.AbstractRemoteTestNG.run(AbstractRemoteTestNG.java:115)
at org.testng.remote.RemoteTestNG.initAndRun(RemoteTestNG.java:251)
at org.testng.remote.RemoteTestNG.main(RemoteTestNG.java:77)
Caused by: cucumber.runtime.CucumberException: java.io.IOException: Failed to create directory E:\VtigerCucumberV2\project\target\cucumber-html-report,com.aventstack.extentreports.cucumber.adaptor.ExtentCucumberAdaptor:
at cucumber.runtime.formatter.HTMLFormatter.createReportFileOutputStream(HTMLFormatter.java:530)
at cucumber.runtime.formatter.HTMLFormatter.createJsOut(HTMLFormatter.java:520)
at cucumber.runtime.formatter.HTMLFormatter.<init>(HTMLFormatter.java:129)
at java.base/jdk.internal.reflect.NativeConstructorAccessorImpl.newInstance0(Native Method)
at java.base/jdk.internal.reflect.NativeConstructorAccessorImpl.newInstance(NativeConstructorAccessorImpl.java:62)
at java.base/jdk.internal.reflect.DelegatingConstructorAccessorImpl.newInstance(DelegatingConstructorAccessorImpl.java:45)
at java.base/java.lang.reflect.Constructor.newInstance(Constructor.java:490)
at cucumber.runtime.formatter.PluginFactory.newInstance(PluginFactory.java:104)
... 32 more
Caused by: java.io.IOException: Failed to create directory E:\VtigerCucumberV2\project\target\cucumber-html-report,com.aventstack.extentreports.cucumber.adaptor.ExtentCucumberAdaptor:
at cucumber.runtime.formatter.URLOutputStream.ensureParentDirExists(URLOutputStream.java:53)
at cucumber.runtime.formatter.URLOutputStream.<init>(URLOutputStream.java:33)
at cucumber.runtime.formatter.URLOutputStream.<init>(URLOutputStream.java:24)
at cucumber.runtime.formatter.HTMLFormatter.createReportFileOutputStream(HTMLFormatter.java:528)
... 39 more
]]>
    </error>
  </testcase> <!-- setUpClass -->
</testsuite> <!-- com.Vtiger.runner.TestRunner -->
